<?xml version="1.0" encoding="UTF-8"?>
<testsuite name="TestSuite" time="51.431" tests="3" errors="0" skipped="0" failures="1">
  <properties>
    <property name="java.vendor" value="Oracle Corporation"/>
    <property name="JOB_NAME" value="Orangehrmprojectmaven"/>
    <property name="sun.java.launcher" value="SUN_STANDARD"/>
    <property name="NUMBER_OF_PROCESSORS" value="4"/>
    <property name="sun.management.compiler" value="HotSpot Client Compiler"/>
    <property name="JENKINS_HOME" value="C:\Program Files (x86)\Jenkins"/>
    <property name="HUDSON_SERVER_COOKIE" value="7208dc7c76c6071a"/>
    <property name="POM_ARTIFACTID" value="inetBankingV1"/>
    <property name="os.name" value="Windows 10"/>
    <property name="sun.boot.class.path" value="C:\Program Files (x86)\Java\jdk1.8.0_141\jre\lib\resources.jar;C:\Program Files (x86)\Java\jdk1.8.0_141\jre\lib\rt.jar;C:\Program Files (x86)\Java\jdk1.8.0_141\jre\lib\sunrsasign.jar;C:\Program Files (x86)\Java\jdk1.8.0_141\jre\lib\jsse.jar;C:\Program Files (x86)\Java\jdk1.8.0_141\jre\lib\jce.jar;C:\Program Files (x86)\Java\jdk1.8.0_141\jre\lib\charsets.jar;C:\Program Files (x86)\Java\jdk1.8.0_141\jre\lib\jfr.jar;C:\Program Files (x86)\Java\jdk1.8.0_141\jre\classes"/>
    <property name="EXECUTOR_NUMBER" value="0"/>
    <property name="sun.desktop" value="windows"/>
    <property name="PATHEXT" value=".COM;.EXE;.BAT;.CMD;.VBS;.VBE;.JS;.JSE;.WSF;.WSH;.MSC"/>
    <property name="java.vm.specification.vendor" value="Oracle Corporation"/>
    <property name="POM_DISPLAYNAME" value="inetBankingV1"/>
    <property name="NODE_LABELS" value="master"/>
    <property name="TEMP" value="C:\Windows\TEMP"/>
    <property name="java.runtime.version" value="1.8.0_141-b15"/>
    <property name="WINSW_SERVICE_ID" value="Jenkins"/>
    <property name="user.name" value="RAVINDRAPC$"/>
    <property name="guice.disable.misplaced.annotation.check" value="true"/>
    <property name="CommonProgramW6432" value="C:\Program Files\Common Files"/>
    <property name="ProgramFiles" value="C:\Program Files (x86)"/>
    <property name="user.language" value="en"/>
    <property name="JOB_BASE_NAME" value="Orangehrmprojectmaven"/>
    <property name="RUN_CHANGES_DISPLAY_URL" value="http://localhost:8080/job/Orangehrmprojectmaven/8/display/redirect?page=changes"/>
    <property name="BUILD_DISPLAY_NAME" value="#8"/>
    <property name="sun.boot.library.path" value="C:\Program Files (x86)\Java\jdk1.8.0_141\jre\bin"/>
    <property name="LOCALAPPDATA" value="C:\Windows\system32\config\systemprofile\AppData\Local"/>
    <property name="java.version" value="1.8.0_141"/>
    <property name="PROCESSOR_LEVEL" value="6"/>
    <property name="user.timezone" value="Asia/Calcutta"/>
    <property name="USERNAME" value="RAVINDRAPC$"/>
    <property name="sun.arch.data.model" value="32"/>
    <property name="NODE_NAME" value="master"/>
    <property name="PROCESSOR_ARCHITEW6432" value="AMD64"/>
    <property name="java.endorsed.dirs" value="C:\Program Files (x86)\Java\jdk1.8.0_141\jre\lib\endorsed"/>
    <property name="BUILD_ID" value="8"/>
    <property name="sun.cpu.isalist" value="pentium_pro+mmx pentium_pro pentium+mmx pentium i486 i386 i86"/>
    <property name="sun.jnu.encoding" value="Cp1252"/>
    <property name="file.encoding.pkg" value="sun.io"/>
    <property name="file.separator" value="\"/>
    <property name="java.specification.name" value="Java Platform API Specification"/>
    <property name="maven.conf" value="C:\ravindra\apache-maven-3.6.3\conf"/>
    <property name="java.class.version" value="52.0"/>
    <property name="org.slf4j.simpleLogger.defaultLogLevel" value="info"/>
    <property name="user.country" value="US"/>
    <property name="ALLUSERSPROFILE" value="C:\ProgramData"/>
    <property name="java.home" value="C:\Program Files (x86)\Java\jdk1.8.0_141\jre"/>
    <property name="java.vm.info" value="mixed mode"/>
    <property name="os.version" value="10.0"/>
    <property name="RUN_DISPLAY_URL" value="http://localhost:8080/job/Orangehrmprojectmaven/8/display/redirect"/>
    <property name="POM_VERSION" value="0.0.1-SNAPSHOT"/>
    <property name="TMP" value="C:\Windows\TEMP"/>
    <property name="path.separator" value=";"/>
    <property name="java.vm.version" value="25.141-b15"/>
    <property name="user.variant" value=""/>
    <property name="GIT_PREVIOUS_COMMIT" value="85c6c6585034b4f0507fa7de7df307bf75349acd"/>
    <property name="JOB_DISPLAY_URL" value="http://localhost:8080/job/Orangehrmprojectmaven/display/redirect"/>
    <property name="CommonProgramFiles(x86)" value="C:\Program Files (x86)\Common Files"/>
    <property name="java.awt.printerjob" value="sun.awt.windows.WPrinterJob"/>
    <property name="JAVA_HOME" value="C:\Program Files (x86)\Java\jdk1.8.0_141"/>
    <property name="sun.io.unicode.encoding" value="UnicodeLittle"/>
    <property name="CommonProgramFiles" value="C:\Program Files (x86)\Common Files"/>
    <property name="ComSpec" value="C:\Windows\system32\cmd.exe"/>
    <property name="awt.toolkit" value="sun.awt.windows.WToolkit"/>
    <property name="POM_PACKAGING" value="jar"/>
    <property name="SERVICE_ID" value="Jenkins"/>
    <property name="COMPUTERNAME" value="RAVINDRAPC"/>
    <property name="user.script" value=""/>
    <property name="POM_GROUPID" value="inetBankingV1"/>
    <property name="user.home" value="C:\Windows\system32\config\systemprofile"/>
    <property name="PUBLIC" value="C:\Users\Public"/>
    <property name="BUILD_TAG" value="jenkins-Orangehrmprojectmaven-8"/>
    <property name="JENKINS_SERVER_COOKIE" value="7208dc7c76c6071a"/>
    <property name="HUDSON_URL" value="http://localhost:8080/"/>
    <property name="ProgramData" value="C:\ProgramData"/>
    <property name="java.specification.vendor" value="Oracle Corporation"/>
    <property name="USERPROFILE" value="C:\Windows\system32\config\systemprofile"/>
    <property name="CLASSPATH" value=""/>
    <property name="java.vendor.url" value="http://java.oracle.com/"/>
    <property name="java.library.path" value="C:\Program Files (x86)\Java\jdk1.8.0_141\bin;C:\Windows\Sun\Java\bin;C:\Windows\system32;C:\Windows;C:\ravindra\apache-maven-3.6.3\/bin;C:\Program Files (x86)\Java\jdk1.8.0_141/bin;C:\Program Files (x86)\Java\jdk1.8.0_141/bin;C:\Program Files (x86)\Common Files\Oracle\Java\javapath;C:\ProgramData\Oracle\Java\javapath;C:\Windows\system32;C:\Windows;C:\Windows\System32\Wbem;C:\Windows\System32\WindowsPowerShell\v1.0\;C:\ravindra\apache-maven-3.6.3\bin;C:\ravindra\apache-maven-3.6.3\;%M2_MAVEN%\bin;C:\Program Files (x86)\Java\jdk;C:\Program Files (x86)\Java\jdk\lib;."/>
    <property name="java.vm.vendor" value="Oracle Corporation"/>
    <property name="APPDATA" value="C:\Windows\system32\config\systemprofile\AppData\Roaming"/>
    <property name="java.runtime.name" value="Java(TM) SE Runtime Environment"/>
    <property name="maven.home" value="C:\ravindra\apache-maven-3.6.3"/>
    <property name="java.class.path" value="C:\Program Files (x86)\Jenkins\plugins\maven-plugin\WEB-INF\lib\maven35-agent-1.13.jar;C:\ravindra\apache-maven-3.6.3\boot\plexus-classworlds-2.6.0.jar;C:\ravindra\apache-maven-3.6.3/conf/logging"/>
    <property name="sun.java.command" value="jenkins.maven3.agent.Maven35Main C:\ravindra\apache-maven-3.6.3\ C:\Program Files (x86)\Jenkins\war\WEB-INF\lib\remoting-3.36.jar C:\Program Files (x86)\Jenkins\plugins\maven-plugin\WEB-INF\lib\maven35-interceptor-1.13.jar C:\Program Files (x86)\Jenkins\plugins\maven-plugin\WEB-INF\lib\maven3-interceptor-commons-1.13.jar 51483"/>
    <property name="Path" value="C:\Program Files (x86)\Java\jdk1.8.0_141/bin;C:\Program Files (x86)\Common Files\Oracle\Java\javapath;C:\ProgramData\Oracle\Java\javapath;C:\Windows\system32;C:\Windows;C:\Windows\System32\Wbem;C:\Windows\System32\WindowsPowerShell\v1.0\;C:\ravindra\apache-maven-3.6.3\bin;C:\ravindra\apache-maven-3.6.3\;%M2_MAVEN%\bin;C:\Program Files (x86)\Java\jdk;C:\Program Files (x86)\Java\jdk\lib"/>
    <property name="java.vm.specification.name" value="Java Virtual Machine Specification"/>
    <property name="PROCESSOR_ARCHITECTURE" value="x86"/>
    <property name="PATH+JDK" value="C:\Program Files (x86)\Java\jdk1.8.0_141/bin"/>
    <property name="PROCESSOR_IDENTIFIER" value="Intel64 Family 6 Model 42 Stepping 7, GenuineIntel"/>
    <property name="java.vm.specification.version" value="1.8"/>
    <property name="sun.os.patch.level" value=""/>
    <property name="sun.cpu.endian" value="little"/>
    <property name="M2_HOME" value="C:\ravindra\apache-maven-3.6.3\"/>
    <property name="java.io.tmpdir" value="C:\Windows\TEMP\"/>
    <property name="OS" value="Windows_NT"/>
    <property name="HUDSON_HOME" value="C:\Program Files (x86)\Jenkins"/>
    <property name="PATH+MAVEN" value="C:\ravindra\apache-maven-3.6.3\/bin"/>
    <property name="ProgramFiles(x86)" value="C:\Program Files (x86)"/>
    <property name="BUILD_URL" value="http://localhost:8080/job/Orangehrmprojectmaven/8/"/>
    <property name="java.vendor.url.bug" value="http://bugreport.sun.com/bugreport/"/>
    <property name="java.awt.graphicsenv" value="sun.awt.Win32GraphicsEnvironment"/>
    <property name="os.arch" value="x86"/>
    <property name="SystemRoot" value="C:\Windows"/>
    <property name="java.ext.dirs" value="C:\Program Files (x86)\Java\jdk1.8.0_141\jre\lib\ext;C:\Windows\Sun\Java\lib\ext"/>
    <property name="user.dir" value="C:\Users\Dell\eclipse-workspace\hrmProject"/>
    <property name="JOB_URL" value="http://localhost:8080/job/Orangehrmprojectmaven/"/>
    <property name="USERDOMAIN" value="WORKGROUP"/>
    <property name="line.separator" value="&#10;"/>
    <property name="MAVEN_HOME" value="C:\ravindra\apache-maven-3.6.3\"/>
    <property name="java.vm.name" value="Java HotSpot(TM) Client VM"/>
    <property name="BUILD_NUMBER" value="8"/>
    <property name="BASE" value="C:\Program Files (x86)\Jenkins"/>
    <property name="JENKINS_URL" value="http://localhost:8080/"/>
    <property name="PROCESSOR_REVISION" value="2a07"/>
    <property name="GIT_BRANCH" value="origin/master"/>
    <property name="ProgramW6432" value="C:\Program Files"/>
    <property name="windir" value="C:\Windows"/>
    <property name="GIT_COMMIT" value="85c6c6585034b4f0507fa7de7df307bf75349acd"/>
    <property name="file.encoding" value="Cp1252"/>
    <property name="SystemDrive" value="C:"/>
    <property name="maven3.interceptor" value="C:\Program Files (x86)\Jenkins\plugins\maven-plugin\WEB-INF\lib\maven35-interceptor-1.13.jar"/>
    <property name="WORKSPACE" value="C:\Program Files (x86)\Jenkins\workspace\Orangehrmprojectmaven"/>
    <property name="maven3.interceptor.common" value="C:\Program Files (x86)\Jenkins\plugins\maven-plugin\WEB-INF\lib\maven3-interceptor-commons-1.13.jar"/>
    <property name="WINSW_EXECUTABLE" value="C:\Program Files (x86)\Jenkins\jenkins.exe"/>
    <property name="java.specification.version" value="1.8"/>
    <property name="PSModulePath" value="C:\Program Files\WindowsPowerShell\Modules;C:\Windows\system32\WindowsPowerShell\v1.0\Modules"/>
    <property name="GIT_URL" value="https://github.com/Ravindra123-HRM/hrmProject.git"/>
  </properties>
  <testcase name="clickonadminpageTest" classname="com.hrm.qa.testcases.Admin_PaygradesTest" time="22.282">
    <failure message="no such element: Unable to locate element: {&quot;method&quot;:&quot;css selector&quot;,&quot;selector&quot;:&quot;#payGrade_name&quot;}&#10;  (Session info: chrome=80.0.3987.162)&#10;For documentation on this error, please visit: https://www.seleniumhq.org/exceptions/no_such_element.html&#10;Build info: version: &apos;3.141.59&apos;, revision: &apos;e82be7d358&apos;, time: &apos;2018-11-14T08:17:03&apos;&#10;System info: host: &apos;RAVINDRAPC&apos;, ip: &apos;192.168.43.56&apos;, os.name: &apos;Windows 10&apos;, os.arch: &apos;x86&apos;, os.version: &apos;10.0&apos;, java.version: &apos;1.8.0_141&apos;&#10;Driver info: org.openqa.selenium.chrome.ChromeDriver&#10;Capabilities {acceptInsecureCerts: false, browserName: chrome, browserVersion: 80.0.3987.162, chrome: {chromedriverVersion: 80.0.3987.106 (f68069574609..., userDataDir: C:\Windows\TEMP\scoped_dir1...}, goog:chromeOptions: {debuggerAddress: localhost:51537}, javascriptEnabled: true, networkConnectionEnabled: false, pageLoadStrategy: normal, platform: WINDOWS, platformName: WINDOWS, proxy: Proxy(), setWindowRect: true, strictFileInteractability: false, timeouts: {implicit: 0, pageLoad: 300000, script: 30000}, unhandledPromptBehavior: dismiss and notify}&#10;Session ID: ffe9c31dda559e53d8b0c9ca1ca67ac0&#10;*** Element info: {Using=id, value=payGrade_name}" type="org.openqa.selenium.NoSuchElementException">org.openqa.selenium.NoSuchElementException: no such element: Unable to locate element: {"method":"css selector","selector":"#payGrade_name"}
  (Session info: chrome=80.0.3987.162)
For documentation on this error, please visit: https://www.seleniumhq.org/exceptions/no_such_element.html
Build info: version: '3.141.59', revision: 'e82be7d358', time: '2018-11-14T08:17:03'
System info: host: 'RAVINDRAPC', ip: '192.168.43.56', os.name: 'Windows 10', os.arch: 'x86', os.version: '10.0', java.version: '1.8.0_141'
Driver info: org.openqa.selenium.chrome.ChromeDriver
Capabilities {acceptInsecureCerts: false, browserName: chrome, browserVersion: 80.0.3987.162, chrome: {chromedriverVersion: 80.0.3987.106 (f68069574609..., userDataDir: C:\Windows\TEMP\scoped_dir1...}, goog:chromeOptions: {debuggerAddress: localhost:51537}, javascriptEnabled: true, networkConnectionEnabled: false, pageLoadStrategy: normal, platform: WINDOWS, platformName: WINDOWS, proxy: Proxy(), setWindowRect: true, strictFileInteractability: false, timeouts: {implicit: 0, pageLoad: 300000, script: 30000}, unhandledPromptBehavior: dismiss and notify}
Session ID: ffe9c31dda559e53d8b0c9ca1ca67ac0
*** Element info: {Using=id, value=payGrade_name}
	at sun.reflect.NativeConstructorAccessorImpl.newInstance0(Native Method)
	at sun.reflect.NativeConstructorAccessorImpl.newInstance(NativeConstructorAccessorImpl.java:62)
	at sun.reflect.DelegatingConstructorAccessorImpl.newInstance(DelegatingConstructorAccessorImpl.java:45)
	at java.lang.reflect.Constructor.newInstance(Constructor.java:423)
	at org.openqa.selenium.remote.http.W3CHttpResponseCodec.createException(W3CHttpResponseCodec.java:187)
	at org.openqa.selenium.remote.http.W3CHttpResponseCodec.decode(W3CHttpResponseCodec.java:122)
	at org.openqa.selenium.remote.http.W3CHttpResponseCodec.decode(W3CHttpResponseCodec.java:49)
	at org.openqa.selenium.remote.HttpCommandExecutor.execute(HttpCommandExecutor.java:158)
	at org.openqa.selenium.remote.service.DriverCommandExecutor.execute(DriverCommandExecutor.java:83)
	at org.openqa.selenium.remote.RemoteWebDriver.execute(RemoteWebDriver.java:552)
	at org.openqa.selenium.remote.RemoteWebDriver.findElement(RemoteWebDriver.java:323)
	at org.openqa.selenium.remote.RemoteWebDriver.findElementById(RemoteWebDriver.java:372)
	at org.openqa.selenium.By$ById.findElement(By.java:188)
	at org.openqa.selenium.remote.RemoteWebDriver.findElement(RemoteWebDriver.java:315)
	at org.openqa.selenium.support.pagefactory.DefaultElementLocator.findElement(DefaultElementLocator.java:69)
	at org.openqa.selenium.support.pagefactory.internal.LocatingElementHandler.invoke(LocatingElementHandler.java:38)
	at com.sun.proxy.$Proxy9.sendKeys(Unknown Source)
	at com.hrm.qa.pages.Admin_Paygrades.ReadExcelFile(Admin_Paygrades.java:85)
	at com.hrm.qa.testcases.Admin_PaygradesTest.clickonadminpageTest(Admin_PaygradesTest.java:84)
</failure>
    <system-out><![CDATA[[TestNGContentHandler] [WARN] It is strongly recommended to add "<!DOCTYPE suite SYSTEM "http://testng.org/testng-1.0.dtd" >" at the top of your file, otherwise TestNG may fail or not work as expected.
chrome
the Screenshot is taken
OrangeHRM
Done Mouse hover on 'admin' from Menu
3
]]></system-out>
    <system-err><![CDATA[Starting ChromeDriver 80.0.3987.106 (f68069574609230cf9b635cd784cfb1bf81bb53a-refs/branch-heads/3987@{#882}) on port 22121
Only local connections are allowed.
Please protect ports used by ChromeDriver and related test frameworks to prevent access by malicious code.
Apr 03, 2020 10:27:32 AM org.openqa.selenium.remote.ProtocolHandshake createSession
INFO: Detected dialect: W3C
[1585889855.603][SEVERE]: Timed out receiving message from renderer: 0.100
[1585889855.704][SEVERE]: Timed out receiving message from renderer: 0.100
[1585889855.814][SEVERE]: Timed out receiving message from renderer: 0.100
[1585889855.919][SEVERE]: Timed out receiving message from renderer: 0.100
[1585889856.025][SEVERE]: Timed out receiving message from renderer: 0.100
[1585889856.127][SEVERE]: Timed out receiving message from renderer: 0.100
[1585889856.236][SEVERE]: Timed out receiving message from renderer: 0.100
[1585889856.338][SEVERE]: Timed out receiving message from renderer: 0.100
[1585889856.440][SEVERE]: Timed out receiving message from renderer: 0.100
[1585889856.542][SEVERE]: Timed out receiving message from renderer: 0.100
[1585889856.646][SEVERE]: Timed out receiving message from renderer: 0.100
[1585889856.750][SEVERE]: Timed out receiving message from renderer: 0.100
[1585889856.852][SEVERE]: Timed out receiving message from renderer: 0.100
[1585889856.955][SEVERE]: Timed out receiving message from renderer: 0.100
[1585889857.062][SEVERE]: Timed out receiving message from renderer: 0.100
[1585889857.166][SEVERE]: Timed out receiving message from renderer: 0.100
[1585889857.267][SEVERE]: Timed out receiving message from renderer: 0.100
[1585889857.376][SEVERE]: Timed out receiving message from renderer: 0.100
[1585889857.479][SEVERE]: Timed out receiving message from renderer: 0.100
[1585889857.581][SEVERE]: Timed out receiving message from renderer: 0.100
[1585889857.683][SEVERE]: Timed out receiving message from renderer: 0.100
[1585889857.785][SEVERE]: Timed out receiving message from renderer: 0.100
[1585889857.970][SEVERE]: Timed out receiving message from renderer: 0.100
[1585889858.077][SEVERE]: Timed out receiving message from renderer: 0.100
[1585889858.179][SEVERE]: Timed out receiving message from renderer: 0.100
[1585889858.283][SEVERE]: Timed out receiving message from renderer: 0.100
[1585889858.461][SEVERE]: Timed out receiving message from renderer: 0.100
[1585889858.562][SEVERE]: Timed out receiving message from renderer: 0.100
[1585889858.665][SEVERE]: Timed out receiving message from renderer: 0.100
[1585889858.767][SEVERE]: Timed out receiving message from renderer: 0.100
[1585889858.870][SEVERE]: Timed out receiving message from renderer: 0.100
[1585889858.975][SEVERE]: Timed out receiving message from renderer: 0.100
[1585889859.181][SEVERE]: Timed out receiving message from renderer: 0.100
[1585889860.316][SEVERE]: Timed out receiving message from renderer: 0.100
[1585889860.421][SEVERE]: Timed out receiving message from renderer: 0.100
[1585889864.991][SEVERE]: Timed out receiving message from renderer: 0.100
[1585889865.092][SEVERE]: Timed out receiving message from renderer: 0.100
[1585889865.194][SEVERE]: Timed out receiving message from renderer: 0.100
[1585889865.295][SEVERE]: Timed out receiving message from renderer: 0.100
[1585889865.502][SEVERE]: Timed out receiving message from renderer: 0.100
[1585889865.604][SEVERE]: Timed out receiving message from renderer: 0.100
[1585889865.706][SEVERE]: Timed out receiving message from renderer: 0.100
[1585889865.808][SEVERE]: Timed out receiving message from renderer: 0.100
[1585889865.928][SEVERE]: Timed out receiving message from renderer: 0.100
[1585889866.029][SEVERE]: Timed out receiving message from renderer: 0.100
[1585889866.130][SEVERE]: Timed out receiving message from renderer: 0.100
[1585889866.232][SEVERE]: Timed out receiving message from renderer: 0.100
[1585889866.336][SEVERE]: Timed out receiving message from renderer: 0.100
[1585889866.439][SEVERE]: Timed out receiving message from renderer: 0.100
[1585889871.287][SEVERE]: Timed out receiving message from renderer: 0.100
[1585889871.388][SEVERE]: Timed out receiving message from renderer: 0.100
[1585889871.489][SEVERE]: Timed out receiving message from renderer: 0.100
[1585889871.592][SEVERE]: Timed out receiving message from renderer: 0.100
[1585889871.696][SEVERE]: Timed out receiving message from renderer: 0.100
[1585889871.914][SEVERE]: Timed out receiving message from renderer: 0.100
[1585889872.015][SEVERE]: Timed out receiving message from renderer: 0.100
[1585889872.119][SEVERE]: Timed out receiving message from renderer: 0.100
[1585889872.222][SEVERE]: Timed out receiving message from renderer: 0.100
[1585889872.326][SEVERE]: Timed out receiving message from renderer: 0.100
]]></system-err>
  </testcase>
  <testcase name="clickonadminpageTest" classname="com.hrm.qa.testcases.AdminPageTest" time="26.503"/>
  <testcase name="login" classname="com.hrm.qa.testcases.LoginpageTest" time="2.646"/>
</testsuite>