<?xml version="1.0" encoding="UTF-8"?>
<!-- Generated by org.testng.reporters.JUnitReportReporter -->
<testsuite skipped="0" hostname="RavindraPC" name="com.hrm.qa.testcases.LoginpageTest" tests="1" failures="0" timestamp="2020-04-03T16:20:56 IST" time="19.260" errors="0">
  <testcase name="login" time="19.260" classname="com.hrm.qa.testcases.LoginpageTest"/>
</testsuite> <!-- com.hrm.qa.testcases.LoginpageTest -->
