<?xml version="1.0" encoding="UTF-8"?>
<!-- Generated by org.testng.reporters.JUnitReportReporter -->
<testsuite skipped="0" hostname="RavindraPC" name="com.hrm.qa.testcases.LoginpageTest" tests="1" failures="0" timestamp="2020-03-30T11:54:39 IST" time="25.845" errors="0">
  <testcase name="login" time="25.845" classname="com.hrm.qa.testcases.LoginpageTest"/>
</testsuite> <!-- com.hrm.qa.testcases.LoginpageTest -->
