<?xml version="1.0" encoding="UTF-8"?>
<!-- Generated by org.testng.reporters.JUnitReportReporter -->
<testsuite skipped="0" hostname="RavindraPC" name="com.hrm.qa.testcases.AdminPageTest" tests="1" failures="0" timestamp="2020-04-03T16:20:56 IST" time="46.738" errors="0">
  <testcase name="clickonadminpageTest" time="46.738" classname="com.hrm.qa.testcases.AdminPageTest"/>
</testsuite> <!-- com.hrm.qa.testcases.AdminPageTest -->
