<?xml version="1.0" encoding="UTF-8"?>
<!-- Generated by org.testng.reporters.JUnitReportReporter -->
<testsuite skipped="0" hostname="RavindraPC" name="com.hrm.qa.testcases.LoginpageTest" tests="1" failures="0" timestamp="31 Mar 2020 09:23:15 GMT" time="12.528" errors="0">
  <testcase name="login" time="12.528" classname="com.hrm.qa.testcases.LoginpageTest"/>
</testsuite> <!-- com.hrm.qa.testcases.LoginpageTest -->
