<?xml version="1.0" encoding="UTF-8"?>
<!-- Generated by org.testng.reporters.JUnitReportReporter -->
<testsuite skipped="0" hostname="RavindraPC" name="com.hrm.qa.testcases.AdminPageTest" tests="1" failures="0" timestamp="03 Apr 2020 04:58:58 GMT" time="39.888" errors="0">
  <testcase name="clickonadminpageTest" time="39.888" classname="com.hrm.qa.testcases.AdminPageTest"/>
</testsuite> <!-- com.hrm.qa.testcases.AdminPageTest -->
