<?xml version="1.0" encoding="UTF-8"?>
<!-- Generated by org.testng.reporters.JUnitReportReporter -->
<testsuite skipped="0" hostname="RavindraPC" name="com.hrm.qa.testcases.LoginpageTest" tests="1" failures="0" timestamp="04 Apr 2020 05:02:28 GMT" time="11.952" errors="0">
  <testcase name="login" time="11.952" classname="com.hrm.qa.testcases.LoginpageTest"/>
</testsuite> <!-- com.hrm.qa.testcases.LoginpageTest -->
