<?xml version="1.0" encoding="UTF-8"?>
<!-- Generated by org.testng.reporters.JUnitReportReporter -->
<testsuite skipped="0" hostname="RavindraPC" name="com.hrm.qa.testcases.Admin_PaygradesTest" tests="1" failures="0" timestamp="04 Apr 2020 05:02:28 GMT" time="89.845" errors="0">
  <testcase name="clickonadminpaygradeTestTest" time="89.845" classname="com.hrm.qa.testcases.Admin_PaygradesTest"/>
</testsuite> <!-- com.hrm.qa.testcases.Admin_PaygradesTest -->
