<?xml version="1.0" encoding="UTF-8"?>
<!-- Generated by org.testng.reporters.JUnitReportReporter -->
<testsuite skipped="0" hostname="RavindraPC" name="com.hrm.qa.testcases.AdminPageTest" tests="1" failures="0" timestamp="31 Mar 2020 09:23:15 GMT" time="41.663" errors="0">
  <testcase name="clickonadminpageTest" time="41.663" classname="com.hrm.qa.testcases.AdminPageTest"/>
</testsuite> <!-- com.hrm.qa.testcases.AdminPageTest -->
